This is pdfTeX, Version 3.141592653-2.6-1.40.22 (TeX Live 2022/dev/Debian) (preloaded format=pdflatex 2026.3.30)  7 MAY 2026 08:42
entering extended mode
 restricted \write18 enabled.
 %&-line parsing enabled.
**main_v3.tex
(./main_v3.tex
LaTeX2e <2021-11-15> patch level 1
L3 programming layer <2022-01-21>
(/usr/share/texlive/texmf-dist/tex/latex/base/article.cls
Document Class: article 2021/10/04 v1.4n Standard LaTeX document class
(/usr/share/texlive/texmf-dist/tex/latex/base/size11.clo
File: size11.clo 2021/10/04 v1.4n Standard LaTeX file (size option)
)
\c@part=\count185
\c@section=\count186
\c@subsection=\count187
\c@subsubsection=\count188
\c@paragraph=\count189
\c@subparagraph=\count190
\c@figure=\count191
\c@table=\count192
\abovecaptionskip=\skip47
\belowcaptionskip=\skip48
\bibindent=\dimen138
)
(/usr/share/texlive/texmf-dist/tex/latex/base/inputenc.sty
Package: inputenc 2021/02/14 v1.3d Input encoding file
\inpenc@prehook=\toks16
\inpenc@posthook=\toks17
)
(/usr/share/texlive/texmf-dist/tex/latex/base/fontenc.sty
Package: fontenc 2021/04/29 v2.0v Standard LaTeX package
)
(/usr/share/texmf/tex/latex/lm/lmodern.sty
Package: lmodern 2009/10/30 v1.6 Latin Modern Fonts
LaTeX Font Info:    Overwriting symbol font `operators' in version `normal'
(Font)                  OT1/cmr/m/n --> OT1/lmr/m/n on input line 22.
LaTeX Font Info:    Overwriting symbol font `letters' in version `normal'
(Font)                  OML/cmm/m/it --> OML/lmm/m/it on input line 23.
LaTeX Font Info:    Overwriting symbol font `symbols' in version `normal'
(Font)                  OMS/cmsy/m/n --> OMS/lmsy/m/n on input line 24.
LaTeX Font Info:    Overwriting symbol font `largesymbols' in version `normal'
(Font)                  OMX/cmex/m/n --> OMX/lmex/m/n on input line 25.
LaTeX Font Info:    Overwriting symbol font `operators' in version `bold'
(Font)                  OT1/cmr/bx/n --> OT1/lmr/bx/n on input line 26.
LaTeX Font Info:    Overwriting symbol font `letters' in version `bold'
(Font)                  OML/cmm/b/it --> OML/lmm/b/it on input line 27.
LaTeX Font Info:    Overwriting symbol font `symbols' in version `bold'
(Font)                  OMS/cmsy/b/n --> OMS/lmsy/b/n on input line 28.
LaTeX Font Info:    Overwriting symbol font `largesymbols' in version `bold'
(Font)                  OMX/cmex/m/n --> OMX/lmex/m/n on input line 29.
LaTeX Font Info:    Overwriting math alphabet `\mathbf' in version `normal'
(Font)                  OT1/cmr/bx/n --> OT1/lmr/bx/n on input line 31.
LaTeX Font Info:    Overwriting math alphabet `\mathsf' in version `normal'
(Font)                  OT1/cmss/m/n --> OT1/lmss/m/n on input line 32.
LaTeX Font Info:    Overwriting math alphabet `\mathit' in version `normal'
(Font)                  OT1/cmr/m/it --> OT1/lmr/m/it on input line 33.
LaTeX Font Info:    Overwriting math alphabet `\mathtt' in version `normal'
(Font)                  OT1/cmtt/m/n --> OT1/lmtt/m/n on input line 34.
LaTeX Font Info:    Overwriting math alphabet `\mathbf' in version `bold'
(Font)                  OT1/cmr/bx/n --> OT1/lmr/bx/n on input line 35.
LaTeX Font Info:    Overwriting math alphabet `\mathsf' in version `bold'
(Font)                  OT1/cmss/bx/n --> OT1/lmss/bx/n on input line 36.
LaTeX Font Info:    Overwriting math alphabet `\mathit' in version `bold'
(Font)                  OT1/cmr/bx/it --> OT1/lmr/bx/it on input line 37.
LaTeX Font Info:    Overwriting math alphabet `\mathtt' in version `bold'
(Font)                  OT1/cmtt/m/n --> OT1/lmtt/m/n on input line 38.
)
(/usr/share/texlive/texmf-dist/tex/latex/amsmath/amsmath.sty
Package: amsmath 2021/10/15 v2.17l AMS math features
\@mathmargin=\skip49

For additional information on amsmath, use the `?' option.
(/usr/share/texlive/texmf-dist/tex/latex/amsmath/amstext.sty
Package: amstext 2021/08/26 v2.01 AMS text

(/usr/share/texlive/texmf-dist/tex/latex/amsmath/amsgen.sty
File: amsgen.sty 1999/11/30 v2.0 generic functions
\@emptytoks=\toks18
\ex@=\dimen139
))
(/usr/share/texlive/texmf-dist/tex/latex/amsmath/amsbsy.sty
Package: amsbsy 1999/11/29 v1.2d Bold Symbols
\pmbraise@=\dimen140
)
(/usr/share/texlive/texmf-dist/tex/latex/amsmath/amsopn.sty
Package: amsopn 2021/08/26 v2.02 operator names
)
\inf@bad=\count193
LaTeX Info: Redefining \frac on input line 234.
\uproot@=\count194
\leftroot@=\count195
LaTeX Info: Redefining \overline on input line 399.
\classnum@=\count196
\DOTSCASE@=\count197
LaTeX Info: Redefining \ldots on input line 496.
LaTeX Info: Redefining \dots on input line 499.
LaTeX Info: Redefining \cdots on input line 620.
\Mathstrutbox@=\box50
\strutbox@=\box51
\big@size=\dimen141
LaTeX Font Info:    Redeclaring font encoding OML on input line 743.
LaTeX Font Info:    Redeclaring font encoding OMS on input line 744.
\macc@depth=\count198
\c@MaxMatrixCols=\count199
\dotsspace@=\muskip16
\c@parentequation=\count266
\dspbrk@lvl=\count267
\tag@help=\toks19
\row@=\count268
\column@=\count269
\maxfields@=\count270
\andhelp@=\toks20
\eqnshift@=\dimen142
\alignsep@=\dimen143
\tagshift@=\dimen144
\tagwidth@=\dimen145
\totwidth@=\dimen146
\lineht@=\dimen147
\@envbody=\toks21
\multlinegap=\skip50
\multlinetaggap=\skip51
\mathdisplay@stack=\toks22
LaTeX Info: Redefining \[ on input line 2938.
LaTeX Info: Redefining \] on input line 2939.
)
(/usr/share/texlive/texmf-dist/tex/latex/amsfonts/amssymb.sty
Package: amssymb 2013/01/14 v3.01 AMS font symbols

(/usr/share/texlive/texmf-dist/tex/latex/amsfonts/amsfonts.sty
Package: amsfonts 2013/01/14 v3.01 Basic AMSFonts support
\symAMSa=\mathgroup4
\symAMSb=\mathgroup5
LaTeX Font Info:    Redeclaring math symbol \hbar on input line 98.
LaTeX Font Info:    Overwriting math alphabet `\mathfrak' in version `bold'
(Font)                  U/euf/m/n --> U/euf/b/n on input line 106.
))
(/usr/share/texlive/texmf-dist/tex/latex/amscls/amsthm.sty
Package: amsthm 2020/05/29 v2.20.6
\thm@style=\toks23
\thm@bodyfont=\toks24
\thm@headfont=\toks25
\thm@notefont=\toks26
\thm@headpunct=\toks27
\thm@preskip=\skip52
\thm@postskip=\skip53
\thm@headsep=\skip54
\dth@everypar=\toks28
)
(/usr/share/texlive/texmf-dist/tex/latex/graphics/graphicx.sty
Package: graphicx 2021/09/16 v1.2d Enhanced LaTeX Graphics (DPC,SPQR)

(/usr/share/texlive/texmf-dist/tex/latex/graphics/keyval.sty
Package: keyval 2014/10/28 v1.15 key=value parser (DPC)
\KV@toks@=\toks29
)
(/usr/share/texlive/texmf-dist/tex/latex/graphics/graphics.sty
Package: graphics 2021/03/04 v1.4d Standard LaTeX Graphics (DPC,SPQR)

(/usr/share/texlive/texmf-dist/tex/latex/graphics/trig.sty
Package: trig 2021/08/11 v1.11 sin cos tan (DPC)
)
(/usr/share/texlive/texmf-dist/tex/latex/graphics-cfg/graphics.cfg
File: graphics.cfg 2016/06/04 v1.11 sample graphics configuration
)
Package graphics Info: Driver file: pdftex.def on input line 107.

(/usr/share/texlive/texmf-dist/tex/latex/graphics-def/pdftex.def
File: pdftex.def 2020/10/05 v1.2a Graphics/color driver for pdftex
))
\Gin@req@height=\dimen148
\Gin@req@width=\dimen149
)
(/usr/share/texlive/texmf-dist/tex/latex/booktabs/booktabs.sty
Package: booktabs 2020/01/12 v1.61803398 Publication quality tables
\heavyrulewidth=\dimen150
\lightrulewidth=\dimen151
\cmidrulewidth=\dimen152
\belowrulesep=\dimen153
\belowbottomsep=\dimen154
\aboverulesep=\dimen155
\abovetopsep=\dimen156
\cmidrulesep=\dimen157
\cmidrulekern=\dimen158
\defaultaddspace=\dimen159
\@cmidla=\count271
\@cmidlb=\count272
\@aboverulesep=\dimen160
\@belowrulesep=\dimen161
\@thisruleclass=\count273
\@lastruleclass=\count274
\@thisrulewidth=\dimen162
)
(/usr/share/texlive/texmf-dist/tex/latex/tools/tabularx.sty
Package: tabularx 2020/01/15 v2.11c `tabularx' package (DPC)

(/usr/share/texlive/texmf-dist/tex/latex/tools/array.sty
Package: array 2021/10/04 v2.5f Tabular extension package (FMi)
\col@sep=\dimen163
\ar@mcellbox=\box52
\extrarowheight=\dimen164
\NC@list=\toks30
\extratabsurround=\skip55
\backup@length=\skip56
\ar@cellbox=\box53
)
\TX@col@width=\dimen165
\TX@old@table=\dimen166
\TX@old@col=\dimen167
\TX@target=\dimen168
\TX@delta=\dimen169
\TX@cols=\count275
\TX@ftn=\toks31
)
(/usr/share/texlive/texmf-dist/tex/latex/tools/longtable.sty
Package: longtable 2021-09-01 v4.17 Multi-page Table package (DPC)
\LTleft=\skip57
\LTright=\skip58
\LTpre=\skip59
\LTpost=\skip60
\LTchunksize=\count276
\LTcapwidth=\dimen170
\LT@head=\box54
\LT@firsthead=\box55
\LT@foot=\box56
\LT@lastfoot=\box57
\LT@gbox=\box58
\LT@cols=\count277
\LT@rows=\count278
\c@LT@tables=\count279
\c@LT@chunks=\count280
\LT@p@ftn=\toks32
)
(/usr/share/texlive/texmf-dist/tex/latex/multirow/multirow.sty
Package: multirow 2021/03/15 v2.8 Span multiple rows of a table
\multirow@colwidth=\skip61
\multirow@cntb=\count281
\multirow@dima=\skip62
\bigstrutjot=\dimen171
)
(/usr/share/texlive/texmf-dist/tex/latex/caption/caption.sty
Package: caption 2020/10/26 v3.5g Customizing captions (AR)

(/usr/share/texlive/texmf-dist/tex/latex/caption/caption3.sty
Package: caption3 2020/10/21 v2.2e caption3 kernel (AR)
\captionmargin=\dimen172
\captionmargin@=\dimen173
\captionwidth=\dimen174
\caption@tempdima=\dimen175
\caption@indent=\dimen176
\caption@parindent=\dimen177
\caption@hangindent=\dimen178
Package caption Info: Standard document class detected.
)
\c@caption@flags=\count282
\c@continuedfloat=\count283
Package caption Info: longtable package is loaded.

(/usr/share/texlive/texmf-dist/tex/latex/caption/ltcaption.sty
Package: ltcaption 2020/05/30 v1.4b longtable captions (AR)
))
(/usr/share/texlive/texmf-dist/tex/latex/caption/subcaption.sty
Package: subcaption 2020/10/07 v1.3j Sub-captions (AR)
\c@subfigure=\count284
\c@subtable=\count285
)
(/usr/share/texlive/texmf-dist/tex/latex/geometry/geometry.sty
Package: geometry 2020/01/02 v5.9 Page Geometry

(/usr/share/texlive/texmf-dist/tex/generic/iftex/ifvtex.sty
Package: ifvtex 2019/10/25 v1.7 ifvtex legacy package. Use iftex instead.

(/usr/share/texlive/texmf-dist/tex/generic/iftex/iftex.sty
Package: iftex 2020/03/06 v1.0d TeX engine tests
))
\Gm@cnth=\count286
\Gm@cntv=\count287
\c@Gm@tempcnt=\count288
\Gm@bindingoffset=\dimen179
\Gm@wd@mp=\dimen180
\Gm@odd@mp=\dimen181
\Gm@even@mp=\dimen182
\Gm@layoutwidth=\dimen183
\Gm@layoutheight=\dimen184
\Gm@layouthoffset=\dimen185
\Gm@layoutvoffset=\dimen186
\Gm@dimlist=\toks33
)
(/usr/share/texlive/texmf-dist/tex/latex/hyperref/hyperref.sty
Package: hyperref 2021-06-07 v7.00m Hypertext links for LaTeX

(/usr/share/texlive/texmf-dist/tex/generic/ltxcmds/ltxcmds.sty
Package: ltxcmds 2020-05-10 v1.25 LaTeX kernel commands for general use (HO)
)
(/usr/share/texlive/texmf-dist/tex/generic/pdftexcmds/pdftexcmds.sty
Package: pdftexcmds 2020-06-27 v0.33 Utility functions of pdfTeX for LuaTeX (HO
)

(/usr/share/texlive/texmf-dist/tex/generic/infwarerr/infwarerr.sty
Package: infwarerr 2019/12/03 v1.5 Providing info/warning/error messages (HO)
)
Package pdftexcmds Info: \pdf@primitive is available.
Package pdftexcmds Info: \pdf@ifprimitive is available.
Package pdftexcmds Info: \pdfdraftmode found.
)
(/usr/share/texlive/texmf-dist/tex/generic/kvsetkeys/kvsetkeys.sty
Package: kvsetkeys 2019/12/15 v1.18 Key value parser (HO)
)
(/usr/share/texlive/texmf-dist/tex/generic/kvdefinekeys/kvdefinekeys.sty
Package: kvdefinekeys 2019-12-19 v1.6 Define keys (HO)
)
(/usr/share/texlive/texmf-dist/tex/generic/pdfescape/pdfescape.sty
Package: pdfescape 2019/12/09 v1.15 Implements pdfTeX's escape features (HO)
)
(/usr/share/texlive/texmf-dist/tex/latex/hycolor/hycolor.sty
Package: hycolor 2020-01-27 v1.10 Color options for hyperref/bookmark (HO)
)
(/usr/share/texlive/texmf-dist/tex/latex/letltxmacro/letltxmacro.sty
Package: letltxmacro 2019/12/03 v1.6 Let assignment for LaTeX macros (HO)
)
(/usr/share/texlive/texmf-dist/tex/latex/auxhook/auxhook.sty
Package: auxhook 2019-12-17 v1.6 Hooks for auxiliary files (HO)
)
(/usr/share/texlive/texmf-dist/tex/latex/kvoptions/kvoptions.sty
Package: kvoptions 2020-10-07 v3.14 Key value format for package options (HO)
)
\@linkdim=\dimen187
\Hy@linkcounter=\count289
\Hy@pagecounter=\count290

(/usr/share/texlive/texmf-dist/tex/latex/hyperref/pd1enc.def
File: pd1enc.def 2021-06-07 v7.00m Hyperref: PDFDocEncoding definition (HO)
Now handling font encoding PD1 ...
... no UTF-8 mapping file for font encoding PD1
)
(/usr/share/texlive/texmf-dist/tex/latex/hyperref/hyperref-langpatches.def
File: hyperref-langpatches.def 2021-06-07 v7.00m Hyperref: patches for babel la
nguages
)
(/usr/share/texlive/texmf-dist/tex/generic/intcalc/intcalc.sty
Package: intcalc 2019/12/15 v1.3 Expandable calculations with integers (HO)
)
(/usr/share/texlive/texmf-dist/tex/generic/etexcmds/etexcmds.sty
Package: etexcmds 2019/12/15 v1.7 Avoid name clashes with e-TeX commands (HO)
)
\Hy@SavedSpaceFactor=\count291

(/usr/share/texlive/texmf-dist/tex/latex/hyperref/puenc.def
File: puenc.def 2021-06-07 v7.00m Hyperref: PDF Unicode definition (HO)
Now handling font encoding PU ...
... no UTF-8 mapping file for font encoding PU
)
Package hyperref Info: Hyper figures OFF on input line 4192.
Package hyperref Info: Link nesting OFF on input line 4197.
Package hyperref Info: Hyper index ON on input line 4200.
Package hyperref Info: Plain pages OFF on input line 4207.
Package hyperref Info: Backreferencing OFF on input line 4212.
Package hyperref Info: Implicit mode ON; LaTeX internals redefined.
Package hyperref Info: Bookmarks ON on input line 4445.
\c@Hy@tempcnt=\count292

(/usr/share/texlive/texmf-dist/tex/latex/url/url.sty
\Urlmuskip=\muskip17
Package: url 2013/09/16  ver 3.4  Verb mode for urls, etc.
)
LaTeX Info: Redefining \url on input line 4804.
\XeTeXLinkMargin=\dimen188

(/usr/share/texlive/texmf-dist/tex/generic/bitset/bitset.sty
Package: bitset 2019/12/09 v1.3 Handle bit-vector datatype (HO)

(/usr/share/texlive/texmf-dist/tex/generic/bigintcalc/bigintcalc.sty
Package: bigintcalc 2019/12/15 v1.5 Expandable calculations on big integers (HO
)
))
\Fld@menulength=\count293
\Field@Width=\dimen189
\Fld@charsize=\dimen190
Package hyperref Info: Hyper figures OFF on input line 6076.
Package hyperref Info: Link nesting OFF on input line 6081.
Package hyperref Info: Hyper index ON on input line 6084.
Package hyperref Info: backreferencing OFF on input line 6091.
Package hyperref Info: Link coloring OFF on input line 6096.
Package hyperref Info: Link coloring with OCG OFF on input line 6101.
Package hyperref Info: PDF/A mode OFF on input line 6106.
LaTeX Info: Redefining \ref on input line 6146.
LaTeX Info: Redefining \pageref on input line 6150.

(/usr/share/texlive/texmf-dist/tex/latex/base/atbegshi-ltx.sty
Package: atbegshi-ltx 2021/01/10 v1.0c Emulation of the original atbegshi
package with kernel methods
)
\Hy@abspage=\count294
\c@Item=\count295
\c@Hfootnote=\count296
)
Package hyperref Info: Driver (autodetected): hpdftex.

(/usr/share/texlive/texmf-dist/tex/latex/hyperref/hpdftex.def
File: hpdftex.def 2021-06-07 v7.00m Hyperref driver for pdfTeX

(/usr/share/texlive/texmf-dist/tex/latex/base/atveryend-ltx.sty
Package: atveryend-ltx 2020/08/19 v1.0a Emulation of the original atveryend pac
kage
with kernel methods
)
\Fld@listcount=\count297
\c@bookmark@seq@number=\count298

(/usr/share/texlive/texmf-dist/tex/latex/rerunfilecheck/rerunfilecheck.sty
Package: rerunfilecheck 2019/12/05 v1.9 Rerun checks for auxiliary files (HO)

(/usr/share/texlive/texmf-dist/tex/generic/uniquecounter/uniquecounter.sty
Package: uniquecounter 2019/12/15 v1.4 Provide unlimited unique counter (HO)
)
Package uniquecounter Info: New unique counter `rerunfilecheck' on input line 2
86.
)
\Hy@SectionHShift=\skip63
)
(/usr/share/texlive/texmf-dist/tex/latex/xcolor/xcolor.sty
Package: xcolor 2021/10/31 v2.13 LaTeX color extensions (UK)

(/usr/share/texlive/texmf-dist/tex/latex/graphics-cfg/color.cfg
File: color.cfg 2016/01/02 v1.6 sample color configuration
)
Package xcolor Info: Driver file: pdftex.def on input line 227.
Package xcolor Info: Model `cmy' substituted by `cmy0' on input line 1352.
Package xcolor Info: Model `hsb' substituted by `rgb' on input line 1356.
Package xcolor Info: Model `RGB' extended on input line 1368.
Package xcolor Info: Model `HTML' substituted by `rgb' on input line 1370.
Package xcolor Info: Model `Hsb' substituted by `hsb' on input line 1371.
Package xcolor Info: Model `tHsb' substituted by `hsb' on input line 1372.
Package xcolor Info: Model `HSB' substituted by `hsb' on input line 1373.
Package xcolor Info: Model `Gray' substituted by `gray' on input line 1374.
Package xcolor Info: Model `wave' substituted by `hsb' on input line 1375.
)
(/usr/share/texlive/texmf-dist/tex/latex/enumitem/enumitem.sty
Package: enumitem 2019/06/20 v3.9 Customized lists
\labelindent=\skip64
\enit@outerparindent=\dimen191
\enit@toks=\toks34
\enit@inbox=\box59
\enit@count@id=\count299
\enitdp@description=\count300
)
(/usr/share/texlive/texmf-dist/tex/latex/microtype/microtype.sty
Package: microtype 2021/12/10 v3.0b Micro-typographical refinements (RS)

(/usr/share/texlive/texmf-dist/tex/latex/etoolbox/etoolbox.sty
Package: etoolbox 2020/10/05 v2.5k e-TeX tools for LaTeX (JAW)
\etb@tempcnta=\count301
)
\MT@toks=\toks35
\MT@count=\count302
\MT@tempbox=\box60
LaTeX Info: Redefining \leftprotrusion on input line 1010.
LaTeX Info: Redefining \rightprotrusion on input line 1018.
LaTeX Info: Redefining \textls on input line 1173.
\MT@outer@kern=\dimen192
LaTeX Info: Redefining \textmicrotypecontext on input line 1759.
\MT@listname@count=\count303

(/usr/share/texlive/texmf-dist/tex/latex/microtype/microtype-pdftex.def
File: microtype-pdftex.def 2021/12/10 v3.0b Definitions specific to pdftex (RS)

LaTeX Info: Redefining \lsstyle on input line 897.
LaTeX Info: Redefining \lslig on input line 897.
\MT@outer@space=\skip65
)
Package microtype Info: Loading configuration file microtype.cfg.

(/usr/share/texlive/texmf-dist/tex/latex/microtype/microtype.cfg
File: microtype.cfg 2021/12/10 v3.0b microtype main configuration file (RS)
))
(/usr/share/texlive/texmf-dist/tex/latex/setspace/setspace.sty
Package: setspace 2011/12/19 v6.7a set line spacing
)
(/usr/share/texlive/texmf-dist/tex/latex/natbib/natbib.sty
Package: natbib 2010/09/13 8.31b (PWD, AO)
\bibhang=\skip66
\bibsep=\skip67
LaTeX Info: Redefining \cite on input line 694.
\c@NAT@ctr=\count304
)
(/usr/share/texlive/texmf-dist/tex/latex/preprint/authblk.sty
Package: authblk 2001/02/27 1.3 (PWD)
\affilsep=\skip68
\@affilsep=\skip69
\c@Maxaffil=\count305
\c@authors=\count306
\c@affil=\count307
)
(/usr/share/texlive/texmf-dist/tex/latex/tcolorbox/tcolorbox.sty
Package: tcolorbox 2022/01/07 version 5.0.2 text color boxes

(/usr/share/texlive/texmf-dist/tex/latex/pgf/basiclayer/pgf.sty
(/usr/share/texlive/texmf-dist/tex/latex/pgf/utilities/pgfrcs.sty
(/usr/share/texlive/texmf-dist/tex/generic/pgf/utilities/pgfutil-common.tex
\pgfutil@everybye=\toks36
\pgfutil@tempdima=\dimen193
\pgfutil@tempdimb=\dimen194

(/usr/share/texlive/texmf-dist/tex/generic/pgf/utilities/pgfutil-common-lists.t
ex)) (/usr/share/texlive/texmf-dist/tex/generic/pgf/utilities/pgfutil-latex.def
\pgfutil@abb=\box61
) (/usr/share/texlive/texmf-dist/tex/generic/pgf/utilities/pgfrcs.code.tex
(/usr/share/texlive/texmf-dist/tex/generic/pgf/pgf.revision.tex)
Package: pgfrcs 2021/05/15 v3.1.9a (3.1.9a)
))
Package: pgf 2021/05/15 v3.1.9a (3.1.9a)

(/usr/share/texlive/texmf-dist/tex/latex/pgf/basiclayer/pgfcore.sty
(/usr/share/texlive/texmf-dist/tex/latex/pgf/systemlayer/pgfsys.sty
(/usr/share/texlive/texmf-dist/tex/generic/pgf/systemlayer/pgfsys.code.tex
Package: pgfsys 2021/05/15 v3.1.9a (3.1.9a)

(/usr/share/texlive/texmf-dist/tex/generic/pgf/utilities/pgfkeys.code.tex
\pgfkeys@pathtoks=\toks37
\pgfkeys@temptoks=\toks38

(/usr/share/texlive/texmf-dist/tex/generic/pgf/utilities/pgfkeysfiltered.code.t
ex
\pgfkeys@tmptoks=\toks39
))
\pgf@x=\dimen195
\pgf@y=\dimen196
\pgf@xa=\dimen197
\pgf@ya=\dimen198
\pgf@xb=\dimen199
\pgf@yb=\dimen256
\pgf@xc=\dimen257
\pgf@yc=\dimen258
\pgf@xd=\dimen259
\pgf@yd=\dimen260
\w@pgf@writea=\write3
\r@pgf@reada=\read2
\c@pgf@counta=\count308
\c@pgf@countb=\count309
\c@pgf@countc=\count310
\c@pgf@countd=\count311
\t@pgf@toka=\toks40
\t@pgf@tokb=\toks41
\t@pgf@tokc=\toks42
\pgf@sys@id@count=\count312
 (/usr/share/texlive/texmf-dist/tex/generic/pgf/systemlayer/pgf.cfg
File: pgf.cfg 2021/05/15 v3.1.9a (3.1.9a)
)
Driver file for pgf: pgfsys-pdftex.def

(/usr/share/texlive/texmf-dist/tex/generic/pgf/systemlayer/pgfsys-pdftex.def
File: pgfsys-pdftex.def 2021/05/15 v3.1.9a (3.1.9a)

(/usr/share/texlive/texmf-dist/tex/generic/pgf/systemlayer/pgfsys-common-pdf.de
f
File: pgfsys-common-pdf.def 2021/05/15 v3.1.9a (3.1.9a)
)))
(/usr/share/texlive/texmf-dist/tex/generic/pgf/systemlayer/pgfsyssoftpath.code.
tex
File: pgfsyssoftpath.code.tex 2021/05/15 v3.1.9a (3.1.9a)
\pgfsyssoftpath@smallbuffer@items=\count313
\pgfsyssoftpath@bigbuffer@items=\count314
)
(/usr/share/texlive/texmf-dist/tex/generic/pgf/systemlayer/pgfsysprotocol.code.
tex
File: pgfsysprotocol.code.tex 2021/05/15 v3.1.9a (3.1.9a)
))
(/usr/share/texlive/texmf-dist/tex/generic/pgf/basiclayer/pgfcore.code.tex
Package: pgfcore 2021/05/15 v3.1.9a (3.1.9a)

(/usr/share/texlive/texmf-dist/tex/generic/pgf/math/pgfmath.code.tex
(/usr/share/texlive/texmf-dist/tex/generic/pgf/math/pgfmathcalc.code.tex
(/usr/share/texlive/texmf-dist/tex/generic/pgf/math/pgfmathutil.code.tex)
(/usr/share/texlive/texmf-dist/tex/generic/pgf/math/pgfmathparser.code.tex
\pgfmath@dimen=\dimen261
\pgfmath@count=\count315
\pgfmath@box=\box62
\pgfmath@toks=\toks43
\pgfmath@stack@operand=\toks44
\pgfmath@stack@operation=\toks45
)
(/usr/share/texlive/texmf-dist/tex/generic/pgf/math/pgfmathfunctions.code.tex
(/usr/share/texlive/texmf-dist/tex/generic/pgf/math/pgfmathfunctions.basic.code
.tex)
(/usr/share/texlive/texmf-dist/tex/generic/pgf/math/pgfmathfunctions.trigonomet
ric.code.tex)
(/usr/share/texlive/texmf-dist/tex/generic/pgf/math/pgfmathfunctions.random.cod
e.tex)
(/usr/share/texlive/texmf-dist/tex/generic/pgf/math/pgfmathfunctions.comparison
.code.tex)
(/usr/share/texlive/texmf-dist/tex/generic/pgf/math/pgfmathfunctions.base.code.
tex)
(/usr/share/texlive/texmf-dist/tex/generic/pgf/math/pgfmathfunctions.round.code
.tex)
(/usr/share/texlive/texmf-dist/tex/generic/pgf/math/pgfmathfunctions.misc.code.
tex)
(/usr/share/texlive/texmf-dist/tex/generic/pgf/math/pgfmathfunctions.integerari
thmetics.code.tex)))
(/usr/share/texlive/texmf-dist/tex/generic/pgf/math/pgfmathfloat.code.tex
\c@pgfmathroundto@lastzeros=\count316
))
(/usr/share/texlive/texmf-dist/tex/generic/pgf/math/pgfint.code.tex)
(/usr/share/texlive/texmf-dist/tex/generic/pgf/basiclayer/pgfcorepoints.code.te
x
File: pgfcorepoints.code.tex 2021/05/15 v3.1.9a (3.1.9a)
\pgf@picminx=\dimen262
\pgf@picmaxx=\dimen263
\pgf@picminy=\dimen264
\pgf@picmaxy=\dimen265
\pgf@pathminx=\dimen266
\pgf@pathmaxx=\dimen267
\pgf@pathminy=\dimen268
\pgf@pathmaxy=\dimen269
\pgf@xx=\dimen270
\pgf@xy=\dimen271
\pgf@yx=\dimen272
\pgf@yy=\dimen273
\pgf@zx=\dimen274
\pgf@zy=\dimen275
)
(/usr/share/texlive/texmf-dist/tex/generic/pgf/basiclayer/pgfcorepathconstruct.
code.tex
File: pgfcorepathconstruct.code.tex 2021/05/15 v3.1.9a (3.1.9a)
\pgf@path@lastx=\dimen276
\pgf@path@lasty=\dimen277
)
(/usr/share/texlive/texmf-dist/tex/generic/pgf/basiclayer/pgfcorepathusage.code
.tex
File: pgfcorepathusage.code.tex 2021/05/15 v3.1.9a (3.1.9a)
\pgf@shorten@end@additional=\dimen278
\pgf@shorten@start@additional=\dimen279
)
(/usr/share/texlive/texmf-dist/tex/generic/pgf/basiclayer/pgfcorescopes.code.te
x
File: pgfcorescopes.code.tex 2021/05/15 v3.1.9a (3.1.9a)
\pgfpic=\box63
\pgf@hbox=\box64
\pgf@layerbox@main=\box65
\pgf@picture@serial@count=\count317
)
(/usr/share/texlive/texmf-dist/tex/generic/pgf/basiclayer/pgfcoregraphicstate.c
ode.tex
File: pgfcoregraphicstate.code.tex 2021/05/15 v3.1.9a (3.1.9a)
\pgflinewidth=\dimen280
)
(/usr/share/texlive/texmf-dist/tex/generic/pgf/basiclayer/pgfcoretransformation
s.code.tex
File: pgfcoretransformations.code.tex 2021/05/15 v3.1.9a (3.1.9a)
\pgf@pt@x=\dimen281
\pgf@pt@y=\dimen282
\pgf@pt@temp=\dimen283
)
(/usr/share/texlive/texmf-dist/tex/generic/pgf/basiclayer/pgfcorequick.code.tex
File: pgfcorequick.code.tex 2021/05/15 v3.1.9a (3.1.9a)
)
(/usr/share/texlive/texmf-dist/tex/generic/pgf/basiclayer/pgfcoreobjects.code.t
ex
File: pgfcoreobjects.code.tex 2021/05/15 v3.1.9a (3.1.9a)
)
(/usr/share/texlive/texmf-dist/tex/generic/pgf/basiclayer/pgfcorepathprocessing
.code.tex
File: pgfcorepathprocessing.code.tex 2021/05/15 v3.1.9a (3.1.9a)
)
(/usr/share/texlive/texmf-dist/tex/generic/pgf/basiclayer/pgfcorearrows.code.te
x
File: pgfcorearrows.code.tex 2021/05/15 v3.1.9a (3.1.9a)
\pgfarrowsep=\dimen284
)
(/usr/share/texlive/texmf-dist/tex/generic/pgf/basiclayer/pgfcoreshade.code.tex
File: pgfcoreshade.code.tex 2021/05/15 v3.1.9a (3.1.9a)
\pgf@max=\dimen285
\pgf@sys@shading@range@num=\count318
\pgf@shadingcount=\count319
)
(/usr/share/texlive/texmf-dist/tex/generic/pgf/basiclayer/pgfcoreimage.code.tex
File: pgfcoreimage.code.tex 2021/05/15 v3.1.9a (3.1.9a)

(/usr/share/texlive/texmf-dist/tex/generic/pgf/basiclayer/pgfcoreexternal.code.
tex
File: pgfcoreexternal.code.tex 2021/05/15 v3.1.9a (3.1.9a)
\pgfexternal@startupbox=\box66
))
(/usr/share/texlive/texmf-dist/tex/generic/pgf/basiclayer/pgfcorelayers.code.te
x
File: pgfcorelayers.code.tex 2021/05/15 v3.1.9a (3.1.9a)
)
(/usr/share/texlive/texmf-dist/tex/generic/pgf/basiclayer/pgfcoretransparency.c
ode.tex
File: pgfcoretransparency.code.tex 2021/05/15 v3.1.9a (3.1.9a)
)
(/usr/share/texlive/texmf-dist/tex/generic/pgf/basiclayer/pgfcorepatterns.code.
tex
File: pgfcorepatterns.code.tex 2021/05/15 v3.1.9a (3.1.9a)
)
(/usr/share/texlive/texmf-dist/tex/generic/pgf/basiclayer/pgfcorerdf.code.tex
File: pgfcorerdf.code.tex 2021/05/15 v3.1.9a (3.1.9a)
)))
(/usr/share/texlive/texmf-dist/tex/generic/pgf/modules/pgfmoduleshapes.code.tex
File: pgfmoduleshapes.code.tex 2021/05/15 v3.1.9a (3.1.9a)
\pgfnodeparttextbox=\box67
) (/usr/share/texlive/texmf-dist/tex/generic/pgf/modules/pgfmoduleplot.code.tex
File: pgfmoduleplot.code.tex 2021/05/15 v3.1.9a (3.1.9a)
)
(/usr/share/texlive/texmf-dist/tex/latex/pgf/compatibility/pgfcomp-version-0-65
.sty
Package: pgfcomp-version-0-65 2021/05/15 v3.1.9a (3.1.9a)
\pgf@nodesepstart=\dimen286
\pgf@nodesepend=\dimen287
)
(/usr/share/texlive/texmf-dist/tex/latex/pgf/compatibility/pgfcomp-version-1-18
.sty
Package: pgfcomp-version-1-18 2021/05/15 v3.1.9a (3.1.9a)
)) (/usr/share/texlive/texmf-dist/tex/latex/tools/verbatim.sty
Package: verbatim 2020-07-07 v1.5u LaTeX2e package for verbatim enhancements
\every@verbatim=\toks46
\verbatim@line=\toks47
\verbatim@in@stream=\read3
)
(/usr/share/texlive/texmf-dist/tex/latex/environ/environ.sty
Package: environ 2014/05/04 v0.3 A new way to define environments

(/usr/share/texlive/texmf-dist/tex/latex/trimspaces/trimspaces.sty
Package: trimspaces 2009/09/17 v1.1 Trim spaces around a token list
))
\tcb@titlebox=\box68
\tcb@upperbox=\box69
\tcb@lowerbox=\box70
\tcb@phantombox=\box71
\c@tcbbreakpart=\count320
\c@tcblayer=\count321
\c@tcolorbox@number=\count322
\tcb@temp=\box72
\tcb@temp=\box73
\tcb@temp=\box74
\tcb@temp=\box75
)
(/usr/share/texlive/texmf-dist/tex/latex/ragged2e/ragged2e.sty
Package: ragged2e 2021/12/15 v3.1 ragged2e Package
\CenteringLeftskip=\skip70
\RaggedLeftLeftskip=\skip71
\RaggedRightLeftskip=\skip72
\CenteringRightskip=\skip73
\RaggedLeftRightskip=\skip74
\RaggedRightRightskip=\skip75
\CenteringParfillskip=\skip76
\RaggedLeftParfillskip=\skip77
\RaggedRightParfillskip=\skip78
\JustifyingParfillskip=\skip79
\CenteringParindent=\skip80
\RaggedLeftParindent=\skip81
\RaggedRightParindent=\skip82
\JustifyingParindent=\skip83
)
Package hyperref Info: Option `colorlinks' set `true' on input line 34.
LaTeX Font Info:    Trying to load font information for T1+lmr on input line 54
.

(/usr/share/texmf/tex/latex/lm/t1lmr.fd
File: t1lmr.fd 2009/10/30 v1.6 Font defs for Latin Modern
)
(/usr/share/texlive/texmf-dist/tex/latex/l3backend/l3backend-pdftex.def
File: l3backend-pdftex.def 2022-01-12 L3 backend support: PDF output (pdfTeX)
\l__color_backend_stack_int=\count323
\l__pdf_internal_box=\box76
)
(./main_v3.aux)
\openout1 = `main_v3.aux'.

LaTeX Font Info:    Checking defaults for OML/cmm/m/it on input line 54.
LaTeX Font Info:    ... okay on input line 54.
LaTeX Font Info:    Checking defaults for OMS/cmsy/m/n on input line 54.
LaTeX Font Info:    ... okay on input line 54.
LaTeX Font Info:    Checking defaults for OT1/cmr/m/n on input line 54.
LaTeX Font Info:    ... okay on input line 54.
LaTeX Font Info:    Checking defaults for T1/cmr/m/n on input line 54.
LaTeX Font Info:    ... okay on input line 54.
LaTeX Font Info:    Checking defaults for TS1/cmr/m/n on input line 54.
LaTeX Font Info:    ... okay on input line 54.
LaTeX Font Info:    Checking defaults for OMX/cmex/m/n on input line 54.
LaTeX Font Info:    ... okay on input line 54.
LaTeX Font Info:    Checking defaults for U/cmr/m/n on input line 54.
LaTeX Font Info:    ... okay on input line 54.
LaTeX Font Info:    Checking defaults for PD1/pdf/m/n on input line 54.
LaTeX Font Info:    ... okay on input line 54.
LaTeX Font Info:    Checking defaults for PU/pdf/m/n on input line 54.
LaTeX Font Info:    ... okay on input line 54.

(/usr/share/texlive/texmf-dist/tex/context/base/mkii/supp-pdf.mkii
[Loading MPS to PDF converter (version 2006.09.02).]
\scratchcounter=\count324
\scratchdimen=\dimen288
\scratchbox=\box77
\nofMPsegments=\count325
\nofMParguments=\count326
\everyMPshowfont=\toks48
\MPscratchCnt=\count327
\MPscratchDim=\dimen289
\MPnumerator=\count328
\makeMPintoPDFobject=\count329
\everyMPtoPDFconversion=\toks49
) (/usr/share/texlive/texmf-dist/tex/latex/epstopdf-pkg/epstopdf-base.sty
Package: epstopdf-base 2020-01-24 v2.11 Base part for package epstopdf
Package epstopdf-base Info: Redefining graphics rule for `.eps' on input line 4
85.

(/usr/share/texlive/texmf-dist/tex/latex/latexconfig/epstopdf-sys.cfg
File: epstopdf-sys.cfg 2010/07/13 v1.3 Configuration of (r)epstopdf for TeX Liv
e
))
Package caption Info: Begin \AtBeginDocument code.
Package caption Info: hyperref package is loaded.
Package caption Info: End \AtBeginDocument code.

*geometry* driver: auto-detecting
*geometry* detected driver: pdftex
*geometry* verbose mode - [ preamble ] result:
* driver: pdftex
* paper: a4paper
* layout: <same size as paper>
* layoutoffset:(h,v)=(0.0pt,0.0pt)
* modes: 
* h-part:(L,W,R)=(71.13188pt, 455.24411pt, 71.13188pt)
* v-part:(T,H,B)=(71.13188pt, 702.78308pt, 71.13188pt)
* \paperwidth=597.50787pt
* \paperheight=845.04684pt
* \textwidth=455.24411pt
* \textheight=702.78308pt
* \oddsidemargin=-1.1381pt
* \evensidemargin=-1.1381pt
* \topmargin=-38.1381pt
* \headheight=12.0pt
* \headsep=25.0pt
* \topskip=11.0pt
* \footskip=30.0pt
* \marginparwidth=50.0pt
* \marginparsep=10.0pt
* \columnsep=10.0pt
* \skip\footins=10.0pt plus 4.0pt minus 2.0pt
* \hoffset=0.0pt
* \voffset=0.0pt
* \mag=1000
* \@twocolumnfalse
* \@twosidefalse
* \@mparswitchfalse
* \@reversemarginfalse
* (1in=72.27pt=25.4mm, 1cm=28.453pt)

Package hyperref Info: Link coloring ON on input line 54.
(/usr/share/texlive/texmf-dist/tex/latex/hyperref/nameref.sty
Package: nameref 2021-04-02 v2.47 Cross-referencing by name of section

(/usr/share/texlive/texmf-dist/tex/latex/refcount/refcount.sty
Package: refcount 2019/12/15 v3.6 Data extraction from label references (HO)
)
(/usr/share/texlive/texmf-dist/tex/generic/gettitlestring/gettitlestring.sty
Package: gettitlestring 2019/12/15 v1.6 Cleanup title references (HO)
)
\c@section@level=\count330
)
LaTeX Info: Redefining \ref on input line 54.
LaTeX Info: Redefining \pageref on input line 54.
LaTeX Info: Redefining \nameref on input line 54.
\@outlinefile=\write4
\openout4 = `main_v3.out'.

LaTeX Info: Redefining \microtypecontext on input line 54.
Package microtype Info: Applying patch `item' on input line 54.
Package microtype Info: Applying patch `toc' on input line 54.
Package microtype Info: Applying patch `eqnum' on input line 54.


Package microtype Warning: Unable to apply patch `footnote' on input line 54.

Package microtype Info: Generating PDF output.
Package microtype Info: Character protrusion enabled (level 2).
Package microtype Info: Using default protrusion set `alltext'.
Package microtype Info: Automatic font expansion enabled (level 2),
(microtype)             stretch: 20, shrink: 20, step: 1, non-selected.
Package microtype Info: Using default expansion set `alltext-nott'.
LaTeX Info: Redefining \showhyphens on input line 54.
Package microtype Info: No adjustment of tracking.
Package microtype Info: No adjustment of interword spacing.
Package microtype Info: No adjustment of character kerning.
(/usr/share/texlive/texmf-dist/tex/latex/microtype/mt-cmr.cfg
File: mt-cmr.cfg 2013/05/19 v2.2 microtype config. file: Computer Modern Roman 
(RS)
)
LaTeX Font Info:    Trying to load font information for OT1+lmr on input line 5
6.

(/usr/share/texmf/tex/latex/lm/ot1lmr.fd
File: ot1lmr.fd 2009/10/30 v1.6 Font defs for Latin Modern
)
LaTeX Font Info:    Trying to load font information for OML+lmm on input line 5
6.

(/usr/share/texmf/tex/latex/lm/omllmm.fd
File: omllmm.fd 2009/10/30 v1.6 Font defs for Latin Modern
)
LaTeX Font Info:    Trying to load font information for OMS+lmsy on input line 
56.

(/usr/share/texmf/tex/latex/lm/omslmsy.fd
File: omslmsy.fd 2009/10/30 v1.6 Font defs for Latin Modern
)
LaTeX Font Info:    Trying to load font information for OMX+lmex on input line 
56.

(/usr/share/texmf/tex/latex/lm/omxlmex.fd
File: omxlmex.fd 2009/10/30 v1.6 Font defs for Latin Modern
)
LaTeX Font Info:    External font `lmex10' loaded for size
(Font)              <12> on input line 56.
LaTeX Font Info:    External font `lmex10' loaded for size
(Font)              <8> on input line 56.
LaTeX Font Info:    External font `lmex10' loaded for size
(Font)              <6> on input line 56.
LaTeX Font Info:    Trying to load font information for U+msa on input line 56.


(/usr/share/texlive/texmf-dist/tex/latex/amsfonts/umsa.fd
File: umsa.fd 2013/01/14 v3.01 AMS symbols A
)
(/usr/share/texlive/texmf-dist/tex/latex/microtype/mt-msa.cfg
File: mt-msa.cfg 2006/02/04 v1.1 microtype config. file: AMS symbols (a) (RS)
)
LaTeX Font Info:    Trying to load font information for U+msb on input line 56.


(/usr/share/texlive/texmf-dist/tex/latex/amsfonts/umsb.fd
File: umsb.fd 2013/01/14 v3.01 AMS symbols B
)
(/usr/share/texlive/texmf-dist/tex/latex/microtype/mt-msb.cfg
File: mt-msb.cfg 2005/06/01 v1.0 microtype config. file: AMS symbols (b) (RS)
)
LaTeX Font Info:    External font `lmex10' loaded for size
(Font)              <10> on input line 61.
LaTeX Font Info:    External font `lmex10' loaded for size
(Font)              <7> on input line 61.
LaTeX Font Info:    External font `lmex10' loaded for size
(Font)              <5> on input line 61.
 [1

{/var/lib/texmf/fonts/map/pdftex/updmap/pdftex.map}] (./main_v3.toc
LaTeX Font Info:    External font `lmex10' loaded for size
(Font)              <10.95> on input line 4.
)
\tf@toc=\write5
\openout5 = `main_v3.toc'.

 [2]

Package natbib Warning: Citation `yepes2016vulnerability' on page 3 undefined o
n input line 75.


Package natbib Warning: Citation `rossetto2014empirical' on page 3 undefined on
 input line 75.


Package natbib Warning: Citation `erdik2017earthquake' on page 3 undefined on i
nput line 75.


Package natbib Warning: Citation `silva2022buildingclass' on page 3 undefined o
n input line 75.


Package natbib Warning: Citation `yepes2023exposure' on page 3 undefined on inp
ut line 75.


Package natbib Warning: Citation `xie2020review' on page 3 undefined on input l
ine 75.


Package natbib Warning: Citation `mangalathu2020classifying' on page 3 undefine
d on input line 75.


Package natbib Warning: Citation `breiman2001randomforests' on page 3 undefined
 on input line 75.


Package natbib Warning: Citation `unisdr2015sendai' on page 3 undefined on inpu
t line 75.


Package natbib Warning: Citation `unfccc2015paris' on page 3 undefined on input
 line 75.


Package natbib Warning: Citation `rosso2026grants' on page 3 undefined on input
 line 77.


Package natbib Warning: Citation `lee2026subsidence' on page 3 undefined on inp
ut line 77.


Package natbib Warning: Citation `kim2026wildfireifd' on page 3 undefined on in
put line 77.


Package natbib Warning: Citation `ke2017lightgbm' on page 3 undefined on input 
line 77.


Package natbib Warning: Citation `ghimire2022nepal' on page 3 undefined on inpu
t line 79.


Package natbib Warning: Citation `hariri2025turkiye' on page 3 undefined on inp
ut line 79.


Package natbib Warning: Citation `rosti2021aedes' on page 3 undefined on input 
line 79.


Package natbib Warning: Citation `fakhruddin2022riskinformed' on page 3 undefin
ed on input line 79.


Package natbib Warning: Citation `babic2025crossborder' on page 3 undefined on 
input line 79.

[3]

Package natbib Warning: Citation `ghimire2022nepal' on page 4 undefined on inpu
t line 98.


Package natbib Warning: Citation `hariri2025turkiye' on page 4 undefined on inp
ut line 98.


Package natbib Warning: Citation `vescovo2025noto' on page 4 undefined on input
 line 98.


Package natbib Warning: Citation `xie2020review' on page 4 undefined on input l
ine 109.


Package natbib Warning: Citation `mangalathu2020classifying' on page 4 undefine
d on input line 109.


Package natbib Warning: Citation `breiman2001randomforests' on page 4 undefined
 on input line 109.


Package natbib Warning: Citation `ke2017lightgbm' on page 4 undefined on input 
line 109.


Package natbib Warning: Citation `ghimire2022nepal' on page 4 undefined on inpu
t line 109.


Package natbib Warning: Citation `hariri2025turkiye' on page 4 undefined on inp
ut line 109.


Package natbib Warning: Citation `lin2022transfer' on page 4 undefined on input
 line 109.


Package natbib Warning: Citation `zheng2024transferable' on page 4 undefined on
 input line 109.


Package natbib Warning: Citation `chen2025bright' on page 4 undefined on input 
line 109.


Package natbib Warning: Citation `ghimire2024host' on page 4 undefined on input
 line 111.


Package natbib Warning: Citation `patten2024datadriven' on page 4 undefined on 
input line 111.


Package natbib Warning: Citation `rosso2026grants' on page 4 undefined on input
 line 111.


Package natbib Warning: Citation `lee2026subsidence' on page 4 undefined on inp
ut line 111.


Package natbib Warning: Citation `kim2026wildfireifd' on page 4 undefined on in
put line 111.

[4]

Package natbib Warning: Citation `silva2022buildingclass' on page 5 undefined o
n input line 113.


Package natbib Warning: Citation `yepes2023exposure' on page 5 undefined on inp
ut line 113.


Package natbib Warning: Citation `yepes2016vulnerability' on page 5 undefined o
n input line 113.


Package natbib Warning: Citation `rosti2021aedes' on page 5 undefined on input 
line 113.


Package natbib Warning: Citation `stone2018omnidirectional' on page 5 undefined
 on input line 116.


Package natbib Warning: Citation `adriano2021multimodal' on page 5 undefined on
 input line 116.


Package natbib Warning: Citation `vescovo2025noto' on page 5 undefined on input
 line 116.


Package natbib Warning: Citation `noh2015hybrid' on page 5 undefined on input l
ine 116.

[5]

Package natbib Warning: Citation `fakhruddin2022riskinformed' on page 6 undefin
ed on input line 118.


Package natbib Warning: Citation `wilkinson2016fair' on page 6 undefined on inp
ut line 118.


Package natbib Warning: Citation `bressan2024assetlevel' on page 6 undefined on
 input line 118.


Package natbib Warning: Citation `babic2025crossborder' on page 6 undefined on 
input line 118.


Package natbib Warning: Citation `hariri2025turkiye' on page 6 undefined on inp
ut line 132.

[6] (/usr/share/texmf/tex/latex/lm/t1lmtt.fd)
Underfull \hbox (badness 10000) in paragraph at lines 166--166
[]|\T1/lmtt/m/n/10 age, no_stories, no_stories_above_critical_floor_cf,
 []


Overfull \hbox (6.03192pt too wide) in paragraph at lines 166--166
[]|\T1/lmtt/m/n/10 c_f_concrete_wall_area_{ns,ew}\T1/lmr/m/n/10 (-20) , \T1/lmt
t/m/n/10 c_f_masonry_wall_area_{ns,ew}\T1/lmr/m/n/10 (-20) ,
 []


Overfull \hbox (25.69966pt too wide) in paragraph at lines 166--166
[]|\T1/lmtt/m/n/10 c_f_concrete_wall_area_{max,min}\T1/lmr/m/n/10 (-20) , \T1/l
mtt/m/n/10 c_f_masonry_wall_area_{max,min}| 
 []


Underfull \hbox (badness 10000) in paragraph at lines 166--166
[]|\T1/lmtt/m/n/10 column_index_percent, wall_index_{ns,ew}_percent,
 []


Package natbib Warning: Citation `ghimire2022nepal' on page 7 undefined on inpu
t line 175.


Overfull \hbox (38.17462pt too wide) in paragraph at lines 177--178
 []\T1/lmr/bx/n/10.95 (-20) Hazard rep-re-sen-ta-tion.[] \T1/lmr/m/n/10.95 (-20
) The prin-ci-pal haz-ard vari-able is \T1/lmtt/m/n/10.95 district_distance_to_
earthquakecenter
 []


Package natbib Warning: Citation `grunthal1998ems98' on page 7 undefined on inp
ut line 181.


Underfull \hbox (badness 10000) in paragraph at lines 207--207
[]|\T1/lmtt/m/n/10 count_floors_pre_eq, age_building, plinth_area_sq_ft,
 []


Underfull \hbox (badness 10000) in paragraph at lines 207--207
[]|\T1/lmtt/m/n/10 has_superstructure_{adobe_mud, mud_mortar_stone, stone_flag,

 []


Underfull \hbox (badness 10000) in paragraph at lines 207--207
\T1/lmtt/m/n/10 cement_mortar_stone, mud_mortar_brick, cement_mortar_brick,
 []


Package natbib Warning: Citation `vescovo2025noto' on page 7 undefined on input
 line 215.


Package natbib Warning: Citation `usgs2024noto' on page 7 undefined on input li
ne 215.

[7]

Package natbib Warning: Citation `vescovo2025noto' on page 8 undefined on input
 line 217.

[8]
Underfull \hbox (badness 10000) in paragraph at lines 279--279
[]|\T1/lmr/m/n/10 (+20) Building age
 []


Underfull \hbox (badness 10000) in paragraph at lines 279--279
[]|\T1/lmr/m/n/10 (+20) Total build-ing
 []


Underfull \hbox (badness 10000) in paragraph at lines 279--279
[]|\T1/lmr/m/n/10 (+20) Structural-system
 []


Underfull \hbox (badness 4254) in paragraph at lines 279--279
\T1/lmr/m/n/10 (+20) de-scrip-tor (ty-pol-
 []


Underfull \hbox (badness 10000) in paragraph at lines 279--279
[]|\T1/lmr/m/n/10 (+20) Wall-system de-
 []


Underfull \hbox (badness 10000) in paragraph at lines 279--279
[]|\T1/lmr/m/n/10 (+20) Site con-di-tion
 []


Underfull \hbox (badness 10000) in paragraph at lines 279--279
[]|\T1/lmr/m/n/10 (+20) Macroseismic in-
 []


Underfull \hbox (badness 10000) in paragraph at lines 279--279
[]|\T1/lmr/m/n/10 (+19) Distance-to-source
 []


Underfull \hbox (badness 1033) in paragraph at lines 279--279
[]|\T1/lmr/m/n/10 (+20) Tsunami / fire /
 []


Underfull \hbox (badness 10000) in paragraph at lines 279--279
[]|\T1/lmr/m/n/10 (+20) Ordinal dam-age
 []

[9] [10]

Package natbib Warning: Citation `mccullagh1980regression' on page 11 undefined
 on input line 329.


Package natbib Warning: Citation `breiman2001randomforests' on page 11 undefine
d on input line 329.

[11] [12]
<figures/fig01_compatibility_heatmap.pdf, id=171, 505.89pt x 433.62pt>
File: figures/fig01_compatibility_heatmap.pdf Graphic file (type pdf)
<use figures/fig01_compatibility_heatmap.pdf>
Package pdftex.def Info: figures/fig01_compatibility_heatmap.pdf  used on input
 line 366.
(pdftex.def)             Requested size: 386.96027pt x 331.68513pt.
<figures/fig02_nested_feature_sets.pdf, id=172, 505.89pt x 289.08pt>
File: figures/fig02_nested_feature_sets.pdf Graphic file (type pdf)
<use figures/fig02_nested_feature_sets.pdf>
Package pdftex.def Info: figures/fig02_nested_feature_sets.pdf  used on input l
ine 373.
(pdftex.def)             Requested size: 386.96027pt x 221.12341pt.
LaTeX Font Info:    External font `lmex10' loaded for size
(Font)              <9> on input line 401.
 [13] [14] [15]
Underfull \hbox (badness 10000) in paragraph at lines 432--432
[]\T1/lmr/m/n/10.95 (+20) Table 8: |Nepal--Türkiye train-to-test trans-fer ma-t
rix on $\OML/lmm/m/it/10.95 F[]$\T1/lmr/m/n/10.95 (+20) , Ran-dom For-
 []


Underfull \hbox (badness 10000) in paragraph at lines 432--432
\T1/lmr/m/n/10.95 (+20) est, bi-nary AUC. Di-ag-o-nal cells are pulled from the
 within-country re-sults
 []


Underfull \hbox (badness 5345) in paragraph at lines 432--432
\T1/lmr/m/n/10.95 (+20) (\T1/lmtt/m/n/10.95 R/outputs/results/within_country_lo
ng.rds\T1/lmr/m/n/10.95 (+20) ); off-diagonal cells from the trans-fer
 []

<figures/fig03_transfer_heatmap.pdf, id=207, 505.89pt x 361.35pt>
File: figures/fig03_transfer_heatmap.pdf Graphic file (type pdf)
<use figures/fig03_transfer_heatmap.pdf>
Package pdftex.def Info: figures/fig03_transfer_heatmap.pdf  used on input line
 451.
(pdftex.def)             Requested size: 386.96027pt x 276.40428pt.
[16]
<figures/fig04_overlap_ablation.pdf, id=217, 578.16pt x 361.35pt>
File: figures/fig04_overlap_ablation.pdf Graphic file (type pdf)
<use figures/fig04_overlap_ablation.pdf>
Package pdftex.def Info: figures/fig04_overlap_ablation.pdf  used on input line
 462.
(pdftex.def)             Requested size: 432.48051pt x 270.30055pt.

Overfull \hbox (21.14632pt too wide) in paragraph at lines 477--478
\T1/lmr/m/n/10.95 (-20) is $\OT1/lmr/m/n/10.95 (-20) 0\OML/lmm/m/it/10.95 :\OT1
/lmr/m/n/10.95 (-20) 165$\T1/lmr/m/n/10.95 (-20) , and the cal-i-bra-tion curve
 (sup-ple-men-tary di-ag-nos-tic pro-duced by \T1/lmtt/m/n/10.95 R/code/09_diag
nostics.R\T1/lmr/m/n/10.95 (-20) )
 []

[17]
<figures/fig06_japan_within_country.pdf, id=225, 542.025pt x 325.215pt>
File: figures/fig06_japan_within_country.pdf Graphic file (type pdf)
<use figures/fig06_japan_within_country.pdf>
Package pdftex.def Info: figures/fig06_japan_within_country.pdf  used on input 
line 495.
(pdftex.def)             Requested size: 386.96027pt x 232.18456pt.
 [18]
<figures/fig08_pooled_vs_within_F0.pdf, id=236, 650.43pt x 325.215pt>
File: figures/fig08_pooled_vs_within_F0.pdf Graphic file (type pdf)
<use figures/fig08_pooled_vs_within_F0.pdf>
Package pdftex.def Info: figures/fig08_pooled_vs_within_F0.pdf  used on input l
ine 520.
(pdftex.def)             Requested size: 432.48051pt x 216.2454pt.
 [19]
<figures/fig07_distance_damage_curve.pdf, id=250, 542.025pt x 325.215pt>
File: figures/fig07_distance_damage_curve.pdf Graphic file (type pdf)
<use figures/fig07_distance_damage_curve.pdf>
Package pdftex.def Info: figures/fig07_distance_damage_curve.pdf  used on input
 line 568.
(pdftex.def)             Requested size: 386.96027pt x 232.18456pt.
 [20]
<figures/fig05a_sim_surface.pdf, id=259, 505.89pt x 361.35pt>
File: figures/fig05a_sim_surface.pdf Graphic file (type pdf)
<use figures/fig05a_sim_surface.pdf>
Package pdftex.def Info: figures/fig05a_sim_surface.pdf  used on input line 582
.
(pdftex.def)             Requested size: 386.96027pt x 276.40428pt.
<figures/fig05b_variance_decomp.pdf, id=260, 505.89pt x 289.08pt>
File: figures/fig05b_variance_decomp.pdf Graphic file (type pdf)
<use figures/fig05b_variance_decomp.pdf>
Package pdftex.def Info: figures/fig05b_variance_decomp.pdf  used on input line
 589.
(pdftex.def)             Requested size: 318.66948pt x 182.0993pt.


Package natbib Warning: Citation `ghimire2024host' on page 21 undefined on inpu
t line 599.


Package natbib Warning: Citation `patten2024datadriven' on page 21 undefined on
 input line 599.


Package natbib Warning: Citation `ghimire2024host' on page 21 undefined on inpu
t line 599.

[21] [22] [23]

Package natbib Warning: Citation `silva2022buildingclass' on page 24 undefined 
on input line 605.


Package natbib Warning: Citation `silva2022buildingclass' on page 24 undefined 
on input line 605.


Underfull \hbox (badness 10000) in paragraph at lines 621--621
[]|\T1/lmr/m/n/10 (+20) Derive from
 []


Overfull \hbox (6.3774pt too wide) in paragraph at lines 621--621
\T1/lmr/m/n/10 (-20) ShakeMap/USGS/national
 []


Underfull \hbox (badness 10000) in paragraph at lines 621--621
\T1/lmr/m/n/10 (+20) strong-motion net-work
 []


Package natbib Warning: Citation `silva2022buildingclass' on page 24 undefined 
on input line 621.


Underfull \hbox (badness 2894) in paragraph at lines 621--621
[]|\T1/lmr/m/n/10 (+20) Cross-country ty-pol-ogy
 []


Underfull \hbox (badness 10000) in paragraph at lines 621--621
[]|$\OML/lmm/m/it/10 V[]$ \T1/lmr/m/n/10 (+20) (m/s) or
 []


Underfull \hbox (badness 10000) in paragraph at lines 621--621
\T1/lmr/m/n/10 (+20) NEHRP/Eurocode
 []


Underfull \hbox (badness 3343) in paragraph at lines 621--621
[]|\T1/lmr/m/n/10 (+20) EMS-98 or-di-nal grade
 []


Underfull \hbox (badness 10000) in paragraph at lines 621--621
[]|\T1/lmr/m/n/10 (+20) Mandatory meta-data
 []


Package natbib Warning: Citation `patten2024datadriven' on page 24 undefined on
 input line 630.


Package natbib Warning: Citation `ghimire2024host' on page 24 undefined on inpu
t line 630.


Package natbib Warning: Citation `silva2022buildingclass' on page 24 undefined 
on input line 631.


Package natbib Warning: Citation `yepes2023exposure' on page 24 undefined on in
put line 631.

[24]

Package natbib Warning: Citation `ghimire2022nepal' on page 25 undefined on inp
ut line 652.


Package natbib Warning: Citation `hariri2025turkiye' on page 25 undefined on in
put line 653.


Package natbib Warning: Citation `vescovo2025noto' on page 25 undefined on inpu
t line 656.

No file main_v3.bbl.
[25]

LaTeX Warning: `!h' float specifier changed to `!ht'.


LaTeX Warning: `!h' float specifier changed to `!ht'.


LaTeX Warning: `!h' float specifier changed to `!ht'.

[26]
Overfull \hbox (150.20973pt too wide) in paragraph at lines 820--828
\T1/lmr/m/n/10.95 (-20) ap-pli-ca-ble) and a one-line de-scrip-tion. It is the 
human-readable coun-ter-part of \T1/lmtt/m/n/10.95 R/outputs/metadata/variable_
dictionary.csv\T1/lmr/m/n/10.95 (-20) ,
 []


Overfull \hbox (8.6795pt too wide) in alignment at lines 837--843
 [] [] [] 
 []


Underfull \hbox (badness 2460) in paragraph at lines 845--846
[]|\T1/lmr/m/n/10.95 (+20) Municipality / Vil-lage De-vel-op-ment
 []


Underfull \hbox (badness 1377) in paragraph at lines 850--851
\T1/lmr/m/n/10.95 (+20) pend-ing on source re-lease; see Sec-
 []


Overfull \hbox (6.71867pt too wide) in paragraph at lines 859--859
[]|\T1/lmtt/m/n/8 has_superstructure_cement_mortar_stone|  
 []


Overfull \hbox (6.71867pt too wide) in paragraph at lines 861--861
[]|\T1/lmtt/m/n/8 has_superstructure_cement_mortar_brick|  
 []


Underfull \hbox (badness 1565) in paragraph at lines 865--866
[]|\T1/lmr/m/n/10.95 (+20) Engineered reinforced-concrete su-per-
 []


Overfull \hbox (19.46867pt too wide) in paragraph at lines 867--867
[]|\T1/lmtt/m/n/8 district_distance_to_earthquakecenter(mi)|  
 []


Underfull \hbox (badness 7576) in paragraph at lines 867--868
[]|\T1/lmr/m/n/10.95 (+20) District-level dis-tance to epi-cen-tre.
 []


Overfull \hbox (8.6795pt too wide) in alignment at lines 843--870
 [] [] [] 
 []

[27]
Overfull \hbox (8.6795pt too wide) in alignment at lines 880--886
 [] [] [] 
 []


Overfull \hbox (6.71867pt too wide) in paragraph at lines 898--898
[]|\T1/lmtt/m/n/8 critical_aac_masonry_wall_area_{ns,ew}|  
 []


Underfull \hbox (badness 10000) in paragraph at lines 916--916
[]|\T1/lmr/m/n/10.95 (+20) ordinal
 []


Underfull \hbox (badness 7540) in paragraph at lines 916--917
[]|\T1/lmr/m/n/10.95 (+20) Five-class struc-tural dam-age la-bel,
 []


Overfull \hbox (8.6795pt too wide) in alignment at lines 886--918
 [] [] [] 
 []

[28]
Overfull \hbox (8.68645pt too wide) in alignment at lines 928--934
 [] [] [] 
 []


Underfull \hbox (badness 10000) in paragraph at lines 939--940
[]|\T1/lmr/m/n/10.95 (+20) Building foot-print poly-gon
 []


Underfull \hbox (badness 2582) in paragraph at lines 942--943
\T1/lmr/m/n/10.95 (+20) mapped fire-affected area (mean $\OMS/lmsy/m/n/10.95 ^^
Y
 []


Overfull \hbox (8.68645pt too wide) in alignment at lines 934--947
 [] [] [] 
 []

[29]
Overfull \hbox (18.28299pt too wide) in paragraph at lines 949--960
\T1/lmr/m/n/10.95 (-20) names-pace (\T1/lmtt/m/n/10.95 age, no_stories, floor_a
rea_m2, total_height_m, hazard_proxy_distance_km,
 []


Package natbib Warning: There were undefined citations.

[30] (./main_v3.aux)
Package rerunfilecheck Info: File `main_v3.out' has not changed.
(rerunfilecheck)             Checksum: 58D4F89C27CD03DBC38860C615B66111;4938.
 ) 
Here is how much of TeX's memory you used:
 25274 strings out of 480247
 463208 string characters out of 5896151
 778202 words of memory out of 5000000
 42325 multiletter control sequences out of 15000+600000
 577350 words of font info for 257 fonts, out of 8000000 for 9000
 14 hyphenation exceptions out of 8191
 83i,12n,80p,6206b,491s stack positions out of 5000i,500n,10000p,200000b,80000s

pdfTeX warning: \pdfdraftmode enabled, not changing output pdf

PDF statistics:
 329 PDF objects out of 1000 (max. 8388607)
 119 named destinations out of 1000 (max. 500000)
 59450 words of extra memory for PDF output out of 61914 (max. 10000000)

